\BOOKMARK [0][-]{section*.1}{Table of Contents}{}% 1
\BOOKMARK [0][-]{section*.2}{List of Figures}{}% 2
\BOOKMARK [0][-]{section*.3}{List of Tables}{}% 3
\BOOKMARK [0][-]{chapter*.4}{Acronyms}{}% 4
\BOOKMARK [0][-]{chapter.1}{Introduction}{}% 5
\BOOKMARK [1][-]{section.1.1}{About company}{chapter.1}% 6
\BOOKMARK [1][-]{section.1.2}{History}{chapter.1}% 7
\BOOKMARK [1][-]{section.1.3}{Topic 3}{chapter.1}% 8
\BOOKMARK [1][-]{section.1.4}{Topic 4}{chapter.1}% 9
\BOOKMARK [1][-]{section.1.5}{Topic 5}{chapter.1}% 10
\BOOKMARK [1][-]{section.1.6}{History}{chapter.1}% 11
\BOOKMARK [1][-]{section.1.7}{Topic 3}{chapter.1}% 12
\BOOKMARK [1][-]{section.1.8}{Topic 4}{chapter.1}% 13
\BOOKMARK [1][-]{section.1.9}{Topic 5}{chapter.1}% 14
\BOOKMARK [0][-]{chapter.2}{Project Introduction}{}% 15
\BOOKMARK [0][-]{chapter.3}{Project Design and Development}{}% 16
\BOOKMARK [0][-]{chapter.4}{Outcomes}{}% 17
\BOOKMARK [0][-]{chapter.5}{Conclusion and Future scope}{}% 18
\BOOKMARK [0][-]{chapter*.5}{References}{}% 19
\BOOKMARK [0][-]{section*.6}{Appendices}{}% 20
\BOOKMARK [0][-]{chapter.A}{Topic 1}{}% 21
